[2025-08-19T03:47:34.354Z] [ERROR] GET /products Unknown column 'p.ids' in 'field list'
[2025-08-19T03:48:23.595Z] [ERROR] GET /products Unknown column 'p.ids' in 'field list'
[2025-08-19T03:51:31.125Z] [ERROR] POST /categories category_name is not defined
[2025-08-20T03:37:31.685Z] [ERROR] GET /categories Unknown column 'createdAt' in 'field list'
[2025-08-20T03:38:29.447Z] [ERROR] GET /categories Unknown column 'createdAt' in 'field list'
[2025-08-25T04:14:33.393Z] [ERROR] GET /customers/1 Cannot convert object to primitive value
[2025-08-25T04:15:18.053Z] [ERROR] GET /customers/1 Cannot convert object to primitive value
[2025-08-25T04:16:25.485Z] [ERROR] GET /customers/1 Cannot convert object to primitive value
[2025-08-25T04:16:51.493Z] [ERROR] GET /customers/1 Cannot convert object to primitive value
[2025-08-25T04:48:40.608Z] [ERROR] POST /customers validateRequired is not defined
[2025-08-25T04:52:30.784Z] [ERROR] POST /customers requiredFields.forEach is not a function
[2025-08-26T01:38:04.462Z] [ERROR] PUT /categories/6 newCategory is not defined
[2025-08-26T01:38:12.486Z] [ERROR] PUT /categories/6 newCategory is not defined
[2025-08-26T01:50:02.487Z] [ERROR] GET /supliers Cannot read properties of undefined (reading 'findAll')
[2025-08-26T01:52:27.010Z] [ERROR] GET /supliers Cannot read properties of undefined (reading 'findAll')
[2025-08-26T01:54:41.813Z] [ERROR] GET /supliers Cannot read properties of undefined (reading 'findAll')
[2025-08-26T02:00:27.863Z] [ERROR] GET /supliers Cannot read properties of undefined (reading 'findAll')
[2025-08-26T02:01:34.914Z] [ERROR] GET /supliers Cannot read properties of undefined (reading 'findAll')
[2025-08-26T02:01:35.683Z] [ERROR] GET /supliers Cannot read properties of undefined (reading 'findAll')
[2025-08-26T02:01:47.805Z] [ERROR] GET /supliers Cannot read properties of undefined (reading 'findAll')
[2025-08-26T02:02:00.214Z] [ERROR] GET /supliers Supliers is not defined
[2025-08-26T02:02:38.478Z] [ERROR] GET /supliers Product is not associated to Suplier!
[2025-08-26T02:03:00.836Z] [ERROR] GET /supliers Product is not associated to Suplier!
