[2025-08-19T03:27:00.531Z] [INFO] GET /products 304 - 15ms
[2025-08-19T03:27:00.533Z] [INFO] GET /products 304 - 17ms
[2025-08-19T03:28:45.177Z] [INFO] GET /products 304 - 3ms
[2025-08-19T03:28:45.183Z] [INFO] GET /products 304 - 9ms
[2025-08-19T03:29:13.513Z] [WARN] GET /productsas 404 Not Found
[2025-08-19T03:29:13.516Z] [INFO] GET /productsas 404 - 3ms
[2025-08-19T03:29:13.518Z] [INFO] GET /productsas 404 - 5ms
[2025-08-19T03:30:02.626Z] [INFO] GET /products 500 - 13ms
[2025-08-19T03:30:02.629Z] [INFO] GET /products 500 - 16ms
[2025-08-19T03:36:24.610Z] [INFO] GET /products 500 - 1ms
[2025-08-19T03:36:24.612Z] [INFO] GET /products 500 - 3ms
[2025-08-19T03:36:32.992Z] [INFO] GET /products 500 - 2ms
[2025-08-19T03:36:32.994Z] [INFO] GET /products 500 - 3ms
[2025-08-19T03:39:55.920Z] [INFO] GET /products 200 - 16ms
[2025-08-19T03:47:34.361Z] [INFO] GET /products 500 - 13ms
[2025-08-19T03:48:23.603Z] [INFO] GET /products 500 - 14ms
[2025-08-19T03:51:09.709Z] [INFO] POST /categories 201 - 43ms
[2025-08-19T03:51:31.133Z] [INFO] POST /categories 500 - 16ms
[2025-08-19T03:52:14.359Z] [INFO] GET /categories/9 404 - 13ms
[2025-08-19T04:03:39.185Z] [INFO] GET /categories/9 404 - 2ms
